# JRE version: OpenJDK Runtime Environment (21.0.7) (build 21.0.7+-13880790-b1038.58)
# Java VM: OpenJDK 64-Bit Server VM (21.0.7+-13880790-b1038.58, mixed mode, tiered, compressed oops, compressed class ptrs, g1 gc, windows-amd64)
GC Precious Log:
 CardTable entry size: 512
 Card Set container configuration: InlinePtr #cards 5 size 8 Array Of Cards #cards 12 size 40 Howl #buckets 4 coarsen threshold 1843 Howl Bitmap #cards 512 size 80 coarsen threshold 460 Card regions per heap region 1 cards per card region 2048
 CPUs: 12 total, 12 available
 Memory: 15676M
 Large Page Support: Disabled
 NUMA Support: Disabled
 Compressed Oops: Enabled (32-bit)
 Heap Region Size: 1M
 Heap Min Capacity: 8M
 Heap Initial Capacity: 246M
 Heap Max Capacity: 2G
 Pre-touch: Disabled
 Parallel Workers: 10
 Concurrent Workers: 3
 Concurrent Refinement Workers: 10
 Periodic GC: Disabled
Heap:
 garbage-first heap   total 234496K, used 172527K [0x0000000080000000, 0x0000000100000000)
  region size 1024K, 27 young (27648K), 6 survivors (6144K)
 Metaspace       used 138292K, committed 140672K, reserved 1179648K
  class space    used 19528K, committed 20736K, reserved 1048576K
GC Heap History (20 events):
Event: 56.137 GC heap before
{Heap before GC invocations=38 (full 0):
 garbage-first heap   total 174080K, used 156672K [0x0000000080000000, 0x0000000100000000)
  region size 1024K, 53 young (54272K), 8 survivors (8192K)
 Metaspace       used 116557K, committed 118720K, reserved 1179648K
  class space    used 16247K, committed 17344K, reserved 1048576K
}
Event: 56.149 GC heap after
{Heap after GC invocations=39 (full 0):
 garbage-first heap   total 174080K, used 117760K [0x0000000080000000, 0x0000000100000000)
  region size 1024K, 7 young (7168K), 7 survivors (7168K)
 Metaspace       used 116557K, committed 118720K, reserved 1179648K
  class space    used 16247K, committed 17344K, reserved 1048576K
}
Event: 57.468 GC heap before
{Heap before GC invocations=40 (full 0):
 garbage-first heap   total 196608K, used 154624K [0x0000000080000000, 0x0000000100000000)
  region size 1024K, 44 young (45056K), 7 survivors (7168K)
 Metaspace       used 117071K, committed 119360K, reserved 1179648K
  class space    used 16287K, committed 17408K, reserved 1048576K
}
Event: 57.480 GC heap after
{Heap after GC invocations=41 (full 0):
 garbage-first heap   total 196608K, used 123685K [0x0000000080000000, 0x0000000100000000)
  region size 1024K, 6 young (6144K), 6 survivors (6144K)
 Metaspace       used 117071K, committed 119360K, reserved 1179648K
  class space    used 16287K, committed 17408K, reserved 1048576K
}
Event: 59.818 GC heap before
{Heap before GC invocations=41 (full 0):
 garbage-first heap   total 196608K, used 177957K [0x0000000080000000, 0x0000000100000000)
  region size 1024K, 60 young (61440K), 6 survivors (6144K)
 Metaspace       used 117699K, committed 119936K, reserved 1179648K
  class space    used 16399K, committed 17536K, reserved 1048576K
}
Event: 59.828 GC heap after
{Heap after GC invocations=42 (full 0):
 garbage-first heap   total 196608K, used 125797K [0x0000000080000000, 0x0000000100000000)
  region size 1024K, 6 young (6144K), 6 survivors (6144K)
 Metaspace       used 117699K, committed 119936K, reserved 1179648K
  class space    used 16399K, committed 17536K, reserved 1048576K
}
Event: 62.192 GC heap before
{Heap before GC invocations=42 (full 0):
 garbage-first heap   total 196608K, used 176997K [0x0000000080000000, 0x0000000100000000)
  region size 1024K, 57 young (58368K), 6 survivors (6144K)
 Metaspace       used 120040K, committed 122304K, reserved 1179648K
  class space    used 16682K, committed 17792K, reserved 1048576K
}
Event: 62.203 GC heap after
{Heap after GC invocations=43 (full 0):
 garbage-first heap   total 196608K, used 130096K [0x0000000080000000, 0x0000000100000000)
  region size 1024K, 6 young (6144K), 6 survivors (6144K)
 Metaspace       used 120040K, committed 122304K, reserved 1179648K
  class space    used 16682K, committed 17792K, reserved 1048576K
}
Event: 63.837 GC heap before
{Heap before GC invocations=44 (full 0):
 garbage-first heap   total 219136K, used 176176K [0x0000000080000000, 0x0000000100000000)
  region size 1024K, 52 young (53248K), 6 survivors (6144K)
 Metaspace       used 121413K, committed 123648K, reserved 1179648K
  class space    used 16879K, committed 17984K, reserved 1048576K
}
Event: 63.848 GC heap after
{Heap after GC invocations=45 (full 0):
 garbage-first heap   total 219136K, used 133417K [0x0000000080000000, 0x0000000100000000)
  region size 1024K, 5 young (5120K), 5 survivors (5120K)
 Metaspace       used 121413K, committed 123648K, reserved 1179648K
  class space    used 16879K, committed 17984K, reserved 1048576K
}
Event: 97.749 GC heap before
{Heap before GC invocations=45 (full 0):
 garbage-first heap   total 219136K, used 198953K [0x0000000080000000, 0x0000000100000000)
  region size 1024K, 70 young (71680K), 5 survivors (5120K)
 Metaspace       used 123189K, committed 125504K, reserved 1179648K
  class space    used 17178K, committed 18304K, reserved 1048576K
}
Event: 97.763 GC heap after
{Heap after GC invocations=46 (full 0):
 garbage-first heap   total 219136K, used 133271K [0x0000000080000000, 0x0000000100000000)
  region size 1024K, 7 young (7168K), 7 survivors (7168K)
 Metaspace       used 123189K, committed 125504K, reserved 1179648K
  class space    used 17178K, committed 18304K, reserved 1048576K
}
Event: 97.842 GC heap before
{Heap before GC invocations=46 (full 0):
 garbage-first heap   total 219136K, used 136343K [0x0000000080000000, 0x0000000100000000)
  region size 1024K, 12 young (12288K), 7 survivors (7168K)
 Metaspace       used 123225K, committed 125568K, reserved 1179648K
  class space    used 17182K, committed 18368K, reserved 1048576K
}
Event: 97.851 GC heap after
{Heap after GC invocations=47 (full 0):
 garbage-first heap   total 219136K, used 134497K [0x0000000080000000, 0x0000000100000000)
  region size 1024K, 5 young (5120K), 5 survivors (5120K)
 Metaspace       used 123225K, committed 125568K, reserved 1179648K
  class space    used 17182K, committed 18368K, reserved 1048576K
}
Event: 100.159 GC heap before
{Heap before GC invocations=48 (full 0):
 garbage-first heap   total 234496K, used 205153K [0x0000000080000000, 0x0000000100000000)
  region size 1024K, 70 young (71680K), 5 survivors (5120K)
 Metaspace       used 128759K, committed 131072K, reserved 1179648K
  class space    used 17854K, committed 19008K, reserved 1048576K
}
Event: 100.171 GC heap after
{Heap after GC invocations=49 (full 0):
 garbage-first heap   total 234496K, used 139947K [0x0000000080000000, 0x0000000100000000)
  region size 1024K, 9 young (9216K), 9 survivors (9216K)
 Metaspace       used 128759K, committed 131072K, reserved 1179648K
  class space    used 17854K, committed 19008K, reserved 1048576K
}
Event: 101.520 GC heap before
{Heap before GC invocations=49 (full 0):
 garbage-first heap   total 234496K, used 211627K [0x0000000080000000, 0x0000000100000000)
  region size 1024K, 80 young (81920K), 9 survivors (9216K)
 Metaspace       used 132831K, committed 135168K, reserved 1179648K
  class space    used 18571K, committed 19712K, reserved 1048576K
}
Event: 101.539 GC heap after
{Heap after GC invocations=50 (full 0):
 garbage-first heap   total 234496K, used 147988K [0x0000000080000000, 0x0000000100000000)
  region size 1024K, 9 young (9216K), 9 survivors (9216K)
 Metaspace       used 132831K, committed 135168K, reserved 1179648K
  class space    used 18571K, committed 19712K, reserved 1048576K
}
Event: 102.236 GC heap before
{Heap before GC invocations=50 (full 0):
 garbage-first heap   total 234496K, used 211476K [0x0000000080000000, 0x0000000100000000)
  region size 1024K, 72 young (73728K), 9 survivors (9216K)
 Metaspace       used 137408K, committed 139840K, reserved 1179648K
  class space    used 19377K, committed 20608K, reserved 1048576K
}
Event: 102.248 GC heap after
{Heap after GC invocations=51 (full 0):
 garbage-first heap   total 234496K, used 153071K [0x0000000080000000, 0x0000000100000000)
  region size 1024K, 6 young (6144K), 6 survivors (6144K)
 Metaspace       used 137408K, committed 139840K, reserved 1179648K
  class space    used 19377K, committed 20608K, reserved 1048576K
}

